<?xml version="1.0" encoding="UTF-8"?><testsuite errors="0" failures="0" name="Testing different types of Services which is offered by Bust Buy" skipped="0" tests="4" time="10.57" timestamp="2023-03-07T17:14:19.881Z[Europe/London]"><testcase name="Check if services list can be accessed by users"/><testcase name="Creating new service and verify if it has been added"/><testcase name="Check if the name of new service has been updated and verify updated information"/><testcase name="Check if the new service has been deleted by id and verify if deleted"/></testsuite>