<?xml version="1.0" encoding="UTF-8"?><testsuite errors="0" failures="0" name="com.bestbuyweek15.storeinfo.StoreCURDSteps" skipped="0" tests="4" time="6.53" timestamp="2023-03-01T14:26:12.559Z[Europe/London]"><testcase classname="com.bestbuyweek15.storeinfo.StoreCURDSteps" name="This will create a new student"/><testcase classname="com.bestbuyweek15.storeinfo.StoreCURDSteps" name="verify if product is created "/><testcase classname="com.bestbuyweek15.storeinfo.StoreCURDSteps" name="update the product information"/><testcase classname="com.bestbuyweek15.storeinfo.StoreCURDSteps" name="delete store infor by storeId and verify deleted"/></testsuite>