<?xml version="1.0" encoding="UTF-8"?><testsuite errors="0" failures="0" name="com.bestbuyweek15.productinfo.ProductCURDSteps" skipped="0" tests="4" time="11.64" timestamp="2023-03-01T00:31:31.255Z[Europe/London]"><testcase classname="com.bestbuyweek15.productinfo.ProductCURDSteps" name="this will create a new student"/><testcase classname="com.bestbuyweek15.productinfo.ProductCURDSteps" name="verify if product is created"/><testcase classname="com.bestbuyweek15.productinfo.ProductCURDSteps" name="update the product information"/><testcase classname="com.bestbuyweek15.productinfo.ProductCURDSteps" name="delete product info by ProductId and verify deleted"/></testsuite>