<?xml version="1.0" encoding="UTF-8"?><testsuite errors="0" failures="0" name="com.bestbuyweek15.storeinfo.StoreCURDTest" skipped="0" tests="4" time="9.83" timestamp="2023-02-28T00:33:56.425Z[Europe/London]"><testcase classname="com.bestbuyweek15.storeinfo.StoreCURDTest" name="This will create new Store"/><testcase classname="com.bestbuyweek15.storeinfo.StoreCURDTest" name="verify if product was created"/><testcase classname="com.bestbuyweek15.storeinfo.StoreCURDTest" name="update the name and verify the information"/><testcase classname="com.bestbuyweek15.storeinfo.StoreCURDTest" name="Delete record"/></testsuite>