<?xml version="1.0" encoding="UTF-8"?><testsuite errors="0" failures="0" name="com.bestbuyweek15.productinfo.ProductCRUDTest" skipped="0" tests="4" time="7.56" timestamp="2023-02-28T00:09:34.413Z[Europe/London]"><testcase classname="com.bestbuyweek15.productinfo.ProductCRUDTest" name="This will create new categories"/><testcase classname="com.bestbuyweek15.productinfo.ProductCRUDTest" name="verify if product was created"/><testcase classname="com.bestbuyweek15.productinfo.ProductCRUDTest" name="update the name and verify the information"/><testcase classname="com.bestbuyweek15.productinfo.ProductCRUDTest" name="Delete record"/></testsuite>