<?xml version="1.0" encoding="UTF-8"?><testsuite errors="0" failures="0" name="com.bestbuyweek15.serviceinfo.ServiceCURDSteps" skipped="0" tests="4" time="7.73" timestamp="2023-03-01T14:22:09.428Z[Europe/London]"><testcase classname="com.bestbuyweek15.serviceinfo.ServiceCURDSteps" name="this will create a new services"/><testcase classname="com.bestbuyweek15.serviceinfo.ServiceCURDSteps" name="verify if services is created"/><testcase classname="com.bestbuyweek15.serviceinfo.ServiceCURDSteps" name="update the services information"/><testcase classname="com.bestbuyweek15.serviceinfo.ServiceCURDSteps" name="Delete service info by serviceID and verify its deleted"/></testsuite>