<?xml version="1.0" encoding="UTF-8"?><testsuite errors="0" failures="0" name="com.bestbuyweek15.categoriesinfo.CategoriesCURDTest" skipped="0" tests="4" time="8.24" timestamp="2023-02-27T21:47:24.653Z[Europe/London]"><testcase classname="com.bestbuyweek15.categoriesinfo.CategoriesCURDTest" name="This will create a new categories"/><testcase classname="com.bestbuyweek15.categoriesinfo.CategoriesCURDTest" name="Verify if categories was categories"/><testcase classname="com.bestbuyweek15.categoriesinfo.CategoriesCURDTest" name="Update the name and id and verify the updated information"/><testcase classname="com.bestbuyweek15.categoriesinfo.CategoriesCURDTest" name="Delete record"/></testsuite>