<?xml version="1.0" encoding="UTF-8"?><testsuite errors="0" failures="0" name="Testing different types of products which are offered by Best Buy" skipped="0" tests="4" time="9.53" timestamp="2023-03-07T18:02:59.870Z[Europe/London]"><testcase name="check if product list can be accessed by users"/><testcase name="creating new product and verify if it has been added"/><testcase name="check if the name of new product has been updated and verify updated information"/><testcase name="Check if new product has been deleted by id and verify if deleted"/></testsuite>