<?xml version="1.0" encoding="UTF-8"?><testsuite errors="0" failures="0" name="com.bestbuyweek15.categoriesinfo.CategoriesCURDSteps" skipped="0" tests="4" time="12.19" timestamp="2023-02-28T23:28:18.338Z[Europe/London]"><testcase classname="com.bestbuyweek15.categoriesinfo.CategoriesCURDSteps" name="This will create a new categories"/><testcase classname="com.bestbuyweek15.categoriesinfo.CategoriesCURDSteps" name="verify if categories is created"/><testcase classname="com.bestbuyweek15.categoriesinfo.CategoriesCURDSteps" name="update the categories information"/><testcase classname="com.bestbuyweek15.categoriesinfo.CategoriesCURDSteps" name="Delete categori info by CategorioesID and verify its deleted"/></testsuite>